2026-05-01 10:20:57,294 [INFO] ЁЯЪА Starting IDS Capture Pipeline
2026-05-01 10:21:00,361 [INFO] ЁЯФМ Using interface: wlp2s0
2026-05-01 10:21:00,362 [INFO] ЁЯУе Capturing 500 packets тЖТ data/raw_packets/capture_20260501_102100_362222.pcap
2026-05-01 10:21:34,943 [INFO] тЬЕ Capture complete: data/raw_packets/capture_20260501_102100_362222.pcap (289644 bytes)
2026-05-01 10:21:35,469 [INFO] ЁЯУК Parsed packets: 498
2026-05-01 10:21:35,496 [INFO] ЁЯУК Flows: 34
2026-05-01 10:21:35,534 [ERROR] тЭМ Unexpected error: 'total_packets'
Traceback (most recent call last):
  File "/home/muhammad-abdullah/ai-powered-nids/core/packet_capture.py", line 142, in main_loop
    packets, flows, alerts = parse_pcap(str(pcap_file))
                             ^^^^^^^^^^^^^^^^^^^^^^^^^^
  File "/home/muhammad-abdullah/ai-powered-nids/core/packet_parser.py", line 148, in parse_pcap
    alerts = run_detectors(flows)
             ^^^^^^^^^^^^^^^^^^^^
  File "/home/muhammad-abdullah/ai-powered-nids/core/detector_engine.py", line 34, in run_detectors
    packets = flow["total_packets"]
              ~~~~^^^^^^^^^^^^^^^^^
KeyError: 'total_packets'
2026-05-01 10:21:35,542 [INFO] ЁЯУе Capturing 500 packets тЖТ data/raw_packets/capture_20260501_102135_541873.pcap
2026-05-01 10:21:37,366 [INFO] тЬЕ Capture complete: data/raw_packets/capture_20260501_102135_541873.pcap (422988 bytes)
2026-05-01 10:21:37,779 [INFO] ЁЯУК Parsed packets: 500
2026-05-01 10:21:37,782 [INFO] ЁЯУК Flows: 12
2026-05-01 10:21:37,783 [ERROR] тЭМ Unexpected error: 'total_packets'
Traceback (most recent call last):
  File "/home/muhammad-abdullah/ai-powered-nids/core/packet_capture.py", line 142, in main_loop
    packets, flows, alerts = parse_pcap(str(pcap_file))
                             ^^^^^^^^^^^^^^^^^^^^^^^^^^
  File "/home/muhammad-abdullah/ai-powered-nids/core/packet_parser.py", line 148, in parse_pcap
    alerts = run_detectors(flows)
             ^^^^^^^^^^^^^^^^^^^^
  File "/home/muhammad-abdullah/ai-powered-nids/core/detector_engine.py", line 34, in run_detectors
    packets = flow["total_packets"]
              ~~~~^^^^^^^^^^^^^^^^^
KeyError: 'total_packets'
2026-05-01 10:21:37,785 [INFO] ЁЯУе Capturing 500 packets тЖТ data/raw_packets/capture_20260501_102137_784919.pcap
2026-05-01 10:25:01,371 [INFO] ЁЯЪА Starting IDS Capture Pipeline
2026-05-01 10:25:01,642 [INFO] ЁЯФМ Using interface: wlp2s0
2026-05-01 10:25:01,643 [INFO] ЁЯУе Capturing 500 packets тЖТ data/raw_packets/capture_20260501_102501_643090.pcap
2026-05-01 10:25:21,918 [INFO] тЬЕ Capture complete: data/raw_packets/capture_20260501_102501_643090.pcap (288592 bytes)
2026-05-01 10:25:22,421 [INFO] ЁЯУК Parsed packets: 498
2026-05-01 10:25:22,430 [INFO] ЁЯУК Flows built: 31
2026-05-01 10:25:22,430 [INFO] ЁЯУК Flows: 31
2026-05-01 10:25:22,431 [INFO] ЁЯЪи Alerts generated: 0
2026-05-01 10:25:22,431 [INFO] ЁЯЪи Alerts: 0
2026-05-01 10:25:22,431 [INFO] ЁЯУК Packets: 498 | Flows: 31 | Alerts: 0
2026-05-01 10:25:22,434 [INFO] ЁЯУе Capturing 500 packets тЖТ data/raw_packets/capture_20260501_102522_434198.pcap
2026-05-01 16:50:28,741 [INFO] ЁЯЪА Starting IDS Capture Pipeline
2026-05-01 16:50:29,635 [INFO] ЁЯФМ Using interface: wlp2s0
2026-05-01 16:50:29,635 [INFO] ЁЯУе Capturing 500 packets тЖТ data/raw_packets/capture_20260501_165029_635584.pcap
2026-05-01 16:50:31,468 [INFO] тЬЕ Capture complete: data/raw_packets/capture_20260501_165029_635584.pcap (704408 bytes)
2026-05-01 16:50:31,737 [INFO] ЁЯУК Parsed packets: 500
2026-05-01 16:50:31,757 [INFO] ЁЯУК Flows built: 4
2026-05-01 16:50:31,757 [INFO] ЁЯУК Flows: 4
2026-05-01 16:50:31,760 [INFO] ЁЯза Features generated: 4
2026-05-01 16:50:31,760 [INFO] ЁЯза Features: 4
2026-05-01 16:50:31,760 [INFO] ЁЯУК Packets: 500 | Flows: 4 | Alerts: 4
2026-05-01 16:50:31,761 [INFO] ЁЯУе Capturing 500 packets тЖТ data/raw_packets/capture_20260501_165031_761356.pcap
2026-05-01 16:50:34,652 [INFO] тЬЕ Capture complete: data/raw_packets/capture_20260501_165031_761356.pcap (493084 bytes)
2026-05-01 16:50:34,883 [INFO] ЁЯУК Parsed packets: 500
2026-05-01 16:50:34,884 [INFO] ЁЯУК Flows built: 2
2026-05-01 16:50:34,885 [INFO] ЁЯУК Flows: 2
2026-05-01 16:50:34,885 [INFO] ЁЯза Features generated: 2
2026-05-01 16:50:34,885 [INFO] ЁЯза Features: 2
2026-05-01 16:50:34,885 [INFO] ЁЯУК Packets: 500 | Flows: 2 | Alerts: 2
2026-05-01 16:50:34,886 [INFO] ЁЯУе Capturing 500 packets тЖТ data/raw_packets/capture_20260501_165034_886041.pcap
2026-05-01 16:57:08,590 [INFO] ЁЯЪА Starting IDS Capture Pipeline
2026-05-01 16:57:08,896 [INFO] ЁЯФМ Using interface: wlp2s0
2026-05-01 16:57:08,897 [INFO] ЁЯУе Capturing 500 packets тЖТ data/raw_packets/capture_20260501_165708_897616.pcap
2026-05-01 16:57:12,112 [INFO] тЬЕ Capture complete: data/raw_packets/capture_20260501_165708_897616.pcap (559292 bytes)
2026-05-01 16:57:12,392 [INFO] ЁЯУК Parsed packets: 500
2026-05-01 16:57:12,395 [INFO] ЁЯУК Flows built: 9
2026-05-01 16:57:12,395 [INFO] ЁЯУК Flows: 9
2026-05-01 16:57:12,395 [INFO] ЁЯза Features generated: 9
2026-05-01 16:57:12,395 [INFO] ЁЯза Features: 9
2026-05-01 16:57:12,396 [INFO] ЁЯУК Packets: 500 | Flows: 9 | Alerts: 9
2026-05-01 16:57:12,396 [INFO] ЁЯУе Capturing 500 packets тЖТ data/raw_packets/capture_20260501_165712_396689.pcap
2026-05-01 16:57:14,338 [INFO] тЬЕ Capture complete: data/raw_packets/capture_20260501_165712_396689.pcap (592376 bytes)
2026-05-02 22:57:15,334 [INFO] ЁЯЪА Starting IDS Capture Pipeline
2026-05-02 22:57:21,468 [INFO] ЁЯФМ Using interface: wlp2s0
2026-05-02 22:57:21,468 [INFO] ЁЯУе Capturing 500 packets тЖТ data/raw_packets/capture_20260502_225721_468868.pcap
2026-05-02 22:58:53,239 [INFO] ЁЯЪА Starting IDS Capture Pipeline
2026-05-02 22:58:53,673 [INFO] ЁЯФМ Using interface: wlp2s0
2026-05-02 22:58:53,673 [INFO] ЁЯУе Capturing 500 packets тЖТ data/raw_packets/capture_20260502_225853_673681.pcap
2026-05-02 23:04:49,169 [INFO] ЁЯЪА Starting IDS Capture Pipeline
2026-05-02 23:04:50,139 [INFO] ЁЯФМ Using interface: wlp2s0
2026-05-02 23:04:50,139 [INFO] ЁЯУе Capturing 500 packets тЖТ data/raw_packets/capture_20260502_230450_139454.pcap
2026-05-02 23:06:50,290 [ERROR] тП│ tshark timeout тАФ killing process
2026-05-02 23:06:50,291 [INFO] ЁЯУе Capturing 500 packets тЖТ data/raw_packets/capture_20260502_230650_291526.pcap
2026-05-02 23:14:13,451 [INFO] ЁЯЪА Starting IDS Capture Pipeline
2026-05-02 23:14:13,826 [INFO] ЁЯФМ Using interface: wlp2s0
2026-05-02 23:14:13,827 [INFO] ЁЯУе Capturing 500 packets тЖТ data/raw_packets/capture_20260502_231413_827345.pcap
2026-05-02 23:16:04,787 [INFO] тЬЕ Capture complete: data/raw_packets/capture_20260502_231413_827345.pcap (74272 bytes)
2026-05-02 23:16:06,654 [INFO] ЁЯУК Parsed packets: 478
2026-05-02 23:16:06,699 [INFO] ЁЯУК Flows built: 238
2026-05-02 23:16:06,700 [INFO] ЁЯУК Flows: 238
2026-05-02 23:16:07,678 [ERROR] тЭМ Rule loading error: Expecting value: line 1 column 1 (char 0)
2026-05-02 23:16:07,709 [INFO] ЁЯза Processed flows: 238
2026-05-02 23:16:07,709 [INFO] ЁЯза Features: 238
2026-05-02 23:16:07,710 [INFO] ЁЯУК Packets: 478 | Flows: 238 | Alerts: 238
2026-05-02 23:16:07,710 [INFO] ЁЯУе Capturing 500 packets тЖТ data/raw_packets/capture_20260502_231607_710717.pcap
2026-05-02 23:24:05,937 [INFO] ЁЯЪА Starting IDS Capture Pipeline
2026-05-02 23:24:06,285 [INFO] ЁЯФМ Using interface: wlp2s0
2026-05-02 23:24:06,285 [INFO] ЁЯУе Capturing 500 packets тЖТ data/raw_packets/capture_20260502_232406_285440.pcap
2026-05-02 23:25:24,971 [INFO] тЬЕ Capture complete: data/raw_packets/capture_20260502_232406_285440.pcap (75564 bytes)
2026-05-02 23:25:27,234 [INFO] ЁЯУК Parsed packets: 486
2026-05-02 23:25:27,267 [INFO] ЁЯУК Flows built: 240
2026-05-02 23:25:27,268 [INFO] ЁЯУК Flows: 240
2026-05-02 23:25:27,443 [ERROR] тЭМ JSON error in signatures_final.json: Expecting value: line 1 column 1 (char 0)
2026-05-02 23:25:27,505 [WARNING] тЪая╕П Skipping invalid rule format: schema.json
2026-05-02 23:25:27,531 [INFO] ЁЯУЬ Rules loaded successfully: 472
2026-05-02 23:25:27,620 [INFO] ЁЯза Processed flows: 240
2026-05-02 23:25:27,620 [INFO] ЁЯза Features: 240
2026-05-02 23:25:27,621 [INFO] ЁЯУК Packets: 486 | Flows: 240 | Alerts: 240
2026-05-02 23:25:27,623 [INFO] ЁЯУе Capturing 500 packets тЖТ data/raw_packets/capture_20260502_232527_622957.pcap
2026-05-02 23:27:27,763 [ERROR] тП│ tshark timeout тАФ killing process
2026-05-02 23:27:27,790 [INFO] ЁЯУе Capturing 500 packets тЖТ data/raw_packets/capture_20260502_232727_790269.pcap
2026-05-02 23:32:35,635 [INFO] ЁЯЪА Starting IDS Capture Pipeline
2026-05-02 23:32:39,475 [INFO] ЁЯФМ Using interface: wlp2s0
2026-05-02 23:32:39,491 [INFO] ЁЯУе Capturing 500 packets тЖТ data/raw_packets/capture_20260502_233239_475548.pcap
2026-05-02 23:34:24,900 [INFO] тЬЕ Capture complete: data/raw_packets/capture_20260502_233239_475548.pcap (75812 bytes)
2026-05-02 23:34:25,320 [INFO] ЁЯУК Parsed packets: 486
2026-05-02 23:34:25,470 [INFO] ЁЯУК Flows built: 247
2026-05-02 23:34:25,470 [INFO] ЁЯУК Flows: 247
2026-05-02 23:34:26,820 [INFO] ЁЯУЬ Rules loaded successfully: 59
2026-05-02 23:34:26,837 [INFO] ЁЯза Processed flows: 247
2026-05-02 23:34:26,837 [INFO] ЁЯза Features: 247
2026-05-02 23:34:26,838 [INFO] ЁЯУК Packets: 486 | Flows: 247 | Alerts: 247
2026-05-02 23:34:26,838 [INFO] ЁЯУе Capturing 500 packets тЖТ data/raw_packets/capture_20260502_233426_838836.pcap
2026-05-03 09:43:56,664 [INFO] ЁЯЪА Starting IDS Capture Pipeline
2026-05-03 09:43:59,546 [INFO] ЁЯФМ Using interface: wlp2s0
2026-05-03 09:43:59,547 [INFO] ЁЯУе Capturing 500 packets тЖТ data/raw_packets/capture_20260503_094359_546954.pcap
2026-05-03 09:45:32,389 [INFO] тЬЕ Capture complete: data/raw_packets/capture_20260503_094359_546954.pcap (75532 bytes)
2026-05-03 09:45:34,379 [INFO] ЁЯУК Parsed packets: 488
2026-05-03 09:45:34,426 [INFO] ЁЯУК Flows built: 238
2026-05-03 09:45:34,429 [INFO] ЁЯУК Flows: 238
2026-05-03 09:45:34,465 [INFO] ЁЯУЬ Rules loaded successfully: 22
2026-05-03 09:45:34,497 [INFO] ЁЯза Processed flows: 238
2026-05-03 09:45:34,497 [INFO] ЁЯза Features: 238
2026-05-03 09:45:34,498 [INFO] ЁЯУК Packets: 488 | Flows: 238 | Alerts: 238
2026-05-03 09:45:34,498 [INFO] ЁЯУе Capturing 500 packets тЖТ data/raw_packets/capture_20260503_094534_498792.pcap
2026-05-12 14:15:56,251 [INFO] ЁЯЪА Starting IDS Capture Pipeline
2026-05-12 14:15:58,766 [INFO] ЁЯФМ Using interface: wlp2s0
2026-05-12 14:15:58,767 [INFO] ЁЯУе Capturing 500 packets тЖТ data/raw_packets/capture_20260512_141558_767145.pcap
2026-05-12 14:16:00,668 [INFO] тЬЕ Capture complete: data/raw_packets/capture_20260512_141558_767145.pcap (564276 bytes)
2026-05-12 14:16:01,049 [INFO] ЁЯУК Parsed packets: 500
2026-05-12 14:16:01,083 [INFO] ЁЯУК Flows built: 11
2026-05-12 14:16:01,084 [INFO] ЁЯУК Flows: 11
2026-05-12 14:16:01,124 [INFO] ЁЯУЬ Rules loaded successfully: 22
2026-05-12 14:16:01,125 [INFO] ЁЯза Processed flows: 11
2026-05-12 14:16:01,125 [INFO] ЁЯза Features: 11
2026-05-12 14:16:01,489 [WARNING] ЁЯЪи New alerts saved: 3
2026-05-12 14:16:01,489 [INFO] ЁЯУК Packets: 500 | Flows: 11 | Feature Records: 11 | Alerts: 3 | New Alerts: 3
2026-05-12 14:16:01,490 [INFO] ЁЯУе Capturing 500 packets тЖТ data/raw_packets/capture_20260512_141601_490084.pcap
2026-05-12 14:16:06,382 [INFO] тЬЕ Capture complete: data/raw_packets/capture_20260512_141601_490084.pcap (538780 bytes)
2026-05-12 14:16:06,696 [INFO] ЁЯУК Parsed packets: 498
2026-05-12 14:16:06,697 [INFO] ЁЯУК Flows built: 11
2026-05-12 14:16:06,697 [INFO] ЁЯУК Flows: 11
2026-05-12 14:16:06,698 [INFO] ЁЯза Processed flows: 11
2026-05-12 14:16:06,698 [INFO] ЁЯза Features: 11
2026-05-12 14:16:06,698 [INFO] ЁЯУК Packets: 498 | Flows: 11 | Feature Records: 11 | Alerts: 0 | New Alerts: 0
2026-05-12 14:16:06,699 [INFO] ЁЯУе Capturing 500 packets тЖТ data/raw_packets/capture_20260512_141606_698948.pcap
2026-05-12 14:16:14,681 [INFO] тЬЕ Capture complete: data/raw_packets/capture_20260512_141606_698948.pcap (907172 bytes)
2026-05-12 15:49:27,952 [INFO] ЁЯЪА Starting IDS Capture Pipeline
2026-05-12 15:49:31,581 [INFO] ЁЯФМ Using interface: wlp2s0
2026-05-12 15:49:31,581 [INFO] ЁЯУе Capturing 500 packets тЖТ data/raw_packets/capture_20260512_154931_581494.pcap
2026-05-12 15:52:31,194 [INFO] ЁЯЪА Starting IDS Capture Pipeline
2026-05-12 15:52:31,999 [INFO] ЁЯФМ Using interface: wlp2s0
2026-05-12 15:52:32,000 [INFO] ЁЯУе Capturing 500 packets тЖТ data/raw_packets/capture_20260512_155231_999949.pcap
2026-05-12 15:52:34,223 [INFO] тЬЕ Capture complete: data/raw_packets/capture_20260512_155231_999949.pcap (539384 bytes)
2026-05-12 15:52:34,506 [INFO] ЁЯУК Parsed packets: 500
2026-05-12 15:52:34,550 [INFO] ЁЯУК Flows built: 9
2026-05-12 15:52:34,551 [INFO] ЁЯУК Flows: 9
2026-05-12 15:52:34,605 [INFO] ЁЯУЬ Rules loaded successfully: 22
2026-05-12 15:52:34,605 [INFO] ЁЯза Processed flows: 9
2026-05-12 15:52:34,606 [INFO] ЁЯза Features: 9
2026-05-12 15:52:35,055 [WARNING] ЁЯЪи New alerts saved: 2
2026-05-12 15:52:35,055 [INFO] ЁЯУК Packets: 500 | Flows: 9 | Feature Records: 9 | Alerts: 2 | New Alerts: 2
2026-05-12 15:52:35,059 [INFO] ЁЯУе Capturing 500 packets тЖТ data/raw_packets/capture_20260512_155235_059538.pcap
2026-05-12 15:52:36,807 [INFO] тЬЕ Capture complete: data/raw_packets/capture_20260512_155235_059538.pcap (559020 bytes)
2026-05-12 15:52:37,096 [INFO] ЁЯУК Parsed packets: 500
2026-05-12 15:52:37,097 [INFO] ЁЯУК Flows built: 3
2026-05-12 15:52:37,097 [INFO] ЁЯУК Flows: 3
2026-05-12 15:52:37,097 [INFO] ЁЯза Processed flows: 3
2026-05-12 15:52:37,097 [INFO] ЁЯза Features: 3
2026-05-12 15:52:37,366 [WARNING] ЁЯЪи New alerts saved: 2
2026-05-12 15:52:37,366 [INFO] ЁЯУК Packets: 500 | Flows: 3 | Feature Records: 3 | Alerts: 2 | New Alerts: 2
2026-05-12 15:52:37,367 [INFO] ЁЯУе Capturing 500 packets тЖТ data/raw_packets/capture_20260512_155237_367680.pcap
2026-05-12 15:52:41,297 [INFO] тЬЕ Capture complete: data/raw_packets/capture_20260512_155237_367680.pcap (597184 bytes)
2026-05-12 15:52:41,742 [INFO] ЁЯУК Parsed packets: 500
2026-05-12 15:52:41,744 [INFO] ЁЯУК Flows built: 4
2026-05-12 15:52:41,744 [INFO] ЁЯУК Flows: 4
2026-05-12 15:52:41,744 [INFO] ЁЯза Processed flows: 4
2026-05-12 15:52:41,744 [INFO] ЁЯза Features: 4
2026-05-12 15:52:41,745 [INFO] ЁЯУК Packets: 500 | Flows: 4 | Feature Records: 4 | Alerts: 0 | New Alerts: 0
2026-05-12 15:52:41,745 [INFO] ЁЯУе Capturing 500 packets тЖТ data/raw_packets/capture_20260512_155241_745752.pcap
2026-05-12 15:52:44,406 [INFO] тЬЕ Capture complete: data/raw_packets/capture_20260512_155241_745752.pcap (567144 bytes)
2026-05-12 15:52:44,695 [INFO] ЁЯУК Parsed packets: 500
2026-05-12 15:52:44,696 [INFO] ЁЯУК Flows built: 7
2026-05-12 15:52:44,696 [INFO] ЁЯУК Flows: 7
2026-05-12 15:52:44,696 [INFO] ЁЯза Processed flows: 7
2026-05-12 15:52:44,696 [INFO] ЁЯза Features: 7
2026-05-12 15:52:44,855 [INFO] ЁЯУК Packets: 500 | Flows: 7 | Feature Records: 7 | Alerts: 2 | New Alerts: 0
2026-05-12 15:52:44,855 [INFO] ЁЯУе Capturing 500 packets тЖТ data/raw_packets/capture_20260512_155244_855733.pcap
2026-05-12 15:52:45,956 [INFO] тЬЕ Capture complete: data/raw_packets/capture_20260512_155244_855733.pcap (556652 bytes)
2026-05-12 15:52:46,226 [INFO] ЁЯУК Parsed packets: 500
2026-05-12 15:52:46,227 [INFO] ЁЯУК Flows built: 1
2026-05-12 15:52:46,227 [INFO] ЁЯУК Flows: 1
2026-05-12 15:52:46,227 [INFO] ЁЯза Processed flows: 1
2026-05-12 15:52:46,227 [INFO] ЁЯза Features: 1
2026-05-12 15:52:46,388 [INFO] ЁЯУК Packets: 500 | Flows: 1 | Feature Records: 1 | Alerts: 2 | New Alerts: 0
2026-05-12 15:52:46,389 [INFO] ЁЯУе Capturing 500 packets тЖТ data/raw_packets/capture_20260512_155246_389611.pcap
2026-05-12 15:52:53,195 [INFO] тЬЕ Capture complete: data/raw_packets/capture_20260512_155246_389611.pcap (637900 bytes)
2026-05-12 15:52:53,478 [INFO] ЁЯУК Parsed packets: 498
2026-05-12 15:52:53,479 [INFO] ЁЯУК Flows built: 12
2026-05-12 15:52:53,479 [INFO] ЁЯУК Flows: 12
2026-05-12 15:52:53,480 [INFO] ЁЯза Processed flows: 12
2026-05-12 15:52:53,480 [INFO] ЁЯза Features: 12
2026-05-12 15:52:53,588 [INFO] ЁЯУК Packets: 498 | Flows: 12 | Feature Records: 12 | Alerts: 2 | New Alerts: 0
2026-05-12 15:52:53,589 [INFO] ЁЯУе Capturing 500 packets тЖТ data/raw_packets/capture_20260512_155253_589645.pcap
2026-05-12 15:52:54,769 [INFO] тЬЕ Capture complete: data/raw_packets/capture_20260512_155253_589645.pcap (668532 bytes)
2026-05-12 15:52:55,042 [INFO] ЁЯУК Parsed packets: 500
2026-05-12 15:52:55,043 [INFO] ЁЯУК Flows built: 1
2026-05-12 15:52:55,043 [INFO] ЁЯУК Flows: 1
2026-05-12 15:52:55,043 [INFO] ЁЯза Processed flows: 1
2026-05-12 15:52:55,043 [INFO] ЁЯза Features: 1
2026-05-12 15:52:55,233 [INFO] ЁЯУК Packets: 500 | Flows: 1 | Feature Records: 1 | Alerts: 2 | New Alerts: 0
2026-05-12 15:52:55,234 [INFO] ЁЯУе Capturing 500 packets тЖТ data/raw_packets/capture_20260512_155255_234516.pcap
2026-05-12 15:53:01,313 [INFO] тЬЕ Capture complete: data/raw_packets/capture_20260512_155255_234516.pcap (614348 bytes)
2026-05-12 15:53:01,692 [INFO] ЁЯУК Parsed packets: 500
2026-05-12 15:53:01,693 [INFO] ЁЯУК Flows built: 7
2026-05-12 15:53:01,693 [INFO] ЁЯУК Flows: 7
2026-05-12 15:53:01,694 [INFO] ЁЯза Processed flows: 7
2026-05-12 15:53:01,694 [INFO] ЁЯза Features: 7
2026-05-12 15:53:01,900 [INFO] ЁЯУК Packets: 500 | Flows: 7 | Feature Records: 7 | Alerts: 2 | New Alerts: 0
2026-05-12 15:53:01,901 [INFO] ЁЯУе Capturing 500 packets тЖТ data/raw_packets/capture_20260512_155301_901570.pcap
2026-05-12 15:53:03,644 [INFO] тЬЕ Capture complete: data/raw_packets/capture_20260512_155301_901570.pcap (611724 bytes)
2026-05-12 15:53:03,947 [INFO] ЁЯУК Parsed packets: 500
2026-05-12 15:53:03,949 [INFO] ЁЯУК Flows built: 2
2026-05-12 15:53:03,950 [INFO] ЁЯУК Flows: 2
2026-05-12 15:53:03,950 [INFO] ЁЯза Processed flows: 2
2026-05-12 15:53:03,950 [INFO] ЁЯза Features: 2
2026-05-12 15:53:04,368 [INFO] ЁЯУК Packets: 500 | Flows: 2 | Feature Records: 2 | Alerts: 2 | New Alerts: 0
2026-05-12 15:53:04,371 [INFO] ЁЯУе Capturing 500 packets тЖТ data/raw_packets/capture_20260512_155304_371371.pcap
2026-05-12 15:53:09,217 [INFO] тЬЕ Capture complete: data/raw_packets/capture_20260512_155304_371371.pcap (617476 bytes)
2026-05-12 15:53:09,492 [INFO] ЁЯУК Parsed packets: 500
2026-05-12 15:53:09,493 [INFO] ЁЯУК Flows built: 5
2026-05-12 15:53:09,493 [INFO] ЁЯУК Flows: 5
2026-05-12 15:53:09,493 [INFO] ЁЯза Processed flows: 5
2026-05-12 15:53:09,493 [INFO] ЁЯза Features: 5
2026-05-12 15:53:09,634 [INFO] ЁЯУК Packets: 500 | Flows: 5 | Feature Records: 5 | Alerts: 2 | New Alerts: 0
2026-05-12 15:53:09,636 [INFO] ЁЯУе Capturing 500 packets тЖТ data/raw_packets/capture_20260512_155309_636089.pcap
2026-05-12 15:53:13,218 [INFO] тЬЕ Capture complete: data/raw_packets/capture_20260512_155309_636089.pcap (697372 bytes)
2026-05-12 15:53:13,484 [INFO] ЁЯУК Parsed packets: 500
2026-05-12 15:53:13,485 [INFO] ЁЯУК Flows built: 9
2026-05-12 15:53:13,485 [INFO] ЁЯУК Flows: 9
2026-05-12 15:53:13,486 [INFO] ЁЯза Processed flows: 9
2026-05-12 15:53:13,486 [INFO] ЁЯза Features: 9
2026-05-12 15:53:13,487 [INFO] ЁЯУК Packets: 500 | Flows: 9 | Feature Records: 9 | Alerts: 0 | New Alerts: 0
2026-05-12 15:53:13,487 [INFO] ЁЯУе Capturing 500 packets тЖТ data/raw_packets/capture_20260512_155313_487480.pcap
2026-05-12 15:53:14,903 [INFO] тЬЕ Capture complete: data/raw_packets/capture_20260512_155313_487480.pcap (622332 bytes)
2026-05-12 15:53:15,175 [INFO] ЁЯУК Parsed packets: 500
2026-05-12 15:53:15,176 [INFO] ЁЯУК Flows built: 1
2026-05-12 15:53:15,176 [INFO] ЁЯУК Flows: 1
2026-05-12 15:53:15,176 [INFO] ЁЯза Processed flows: 1
2026-05-12 15:53:15,177 [INFO] ЁЯза Features: 1
2026-05-12 15:53:15,402 [INFO] ЁЯУК Packets: 500 | Flows: 1 | Feature Records: 1 | Alerts: 2 | New Alerts: 0
2026-05-12 15:53:15,403 [INFO] ЁЯУе Capturing 500 packets тЖТ data/raw_packets/capture_20260512_155315_403075.pcap
2026-05-12 15:53:19,674 [INFO] тЬЕ Capture complete: data/raw_packets/capture_20260512_155315_403075.pcap (595748 bytes)
2026-05-12 15:53:19,969 [INFO] ЁЯУК Parsed packets: 498
2026-05-12 15:53:19,971 [INFO] ЁЯУК Flows built: 5
2026-05-12 15:53:19,971 [INFO] ЁЯУК Flows: 5
2026-05-12 15:53:19,972 [INFO] ЁЯза Processed flows: 5
2026-05-12 15:53:19,972 [INFO] ЁЯза Features: 5
2026-05-12 15:53:19,973 [INFO] ЁЯУК Packets: 498 | Flows: 5 | Feature Records: 5 | Alerts: 0 | New Alerts: 0
2026-05-12 15:53:19,974 [INFO] ЁЯУе Capturing 500 packets тЖТ data/raw_packets/capture_20260512_155319_974210.pcap
2026-05-12 15:53:25,055 [INFO] тЬЕ Capture complete: data/raw_packets/capture_20260512_155319_974210.pcap (692532 bytes)
2026-05-12 15:53:25,400 [INFO] ЁЯУК Parsed packets: 500
2026-05-12 15:53:25,403 [INFO] ЁЯУК Flows built: 9
2026-05-12 15:53:25,403 [INFO] ЁЯУК Flows: 9
2026-05-12 15:53:25,404 [INFO] ЁЯза Processed flows: 9
2026-05-12 15:53:25,405 [INFO] ЁЯза Features: 9
2026-05-12 15:53:25,406 [INFO] ЁЯУК Packets: 500 | Flows: 9 | Feature Records: 9 | Alerts: 0 | New Alerts: 0
2026-05-12 15:53:25,407 [INFO] ЁЯУе Capturing 500 packets тЖТ data/raw_packets/capture_20260512_155325_407472.pcap
2026-05-12 15:53:26,630 [INFO] тЬЕ Capture complete: data/raw_packets/capture_20260512_155325_407472.pcap (569764 bytes)
2026-05-12 15:53:27,414 [INFO] ЁЯУК Parsed packets: 500
2026-05-12 15:53:27,418 [INFO] ЁЯУК Flows built: 1
2026-05-12 15:53:27,419 [INFO] ЁЯУК Flows: 1
2026-05-12 15:53:27,420 [INFO] ЁЯза Processed flows: 1
2026-05-12 15:53:27,422 [INFO] ЁЯза Features: 1
2026-05-12 15:53:27,558 [INFO] ЁЯУК Packets: 500 | Flows: 1 | Feature Records: 1 | Alerts: 2 | New Alerts: 0
2026-05-12 15:53:27,559 [INFO] ЁЯУе Capturing 500 packets тЖТ data/raw_packets/capture_20260512_155327_559524.pcap
2026-05-12 15:55:40,633 [INFO] ЁЯЪА Starting IDS Capture Pipeline
2026-05-12 15:55:41,031 [INFO] ЁЯФМ Using interface: wlp2s0
2026-05-12 15:55:41,031 [INFO] ЁЯУе Capturing 500 packets тЖТ data/raw_packets/capture_20260512_155541_031842.pcap
2026-05-12 15:55:51,451 [INFO] тЬЕ Capture complete: data/raw_packets/capture_20260512_155541_031842.pcap (475344 bytes)
2026-05-12 15:55:51,729 [INFO] ЁЯУК Parsed packets: 498
2026-05-12 15:55:51,731 [INFO] ЁЯУК Flows built: 20
2026-05-12 15:55:51,731 [INFO] ЁЯУК Flows: 20
2026-05-12 15:55:51,732 [INFO] ЁЯУЬ Rules loaded successfully: 22
2026-05-12 15:55:51,733 [INFO] ЁЯза Processed flows: 20
2026-05-12 15:55:51,734 [INFO] ЁЯза Features: 20
2026-05-12 15:55:51,735 [INFO] ЁЯУК Packets: 498 | Flows: 20 | Feature Records: 20 | Alerts: 0 | New Alerts: 0
2026-05-12 15:55:51,735 [INFO] ЁЯУе Capturing 500 packets тЖТ data/raw_packets/capture_20260512_155551_735886.pcap
2026-05-12 15:56:04,865 [INFO] тЬЕ Capture complete: data/raw_packets/capture_20260512_155551_735886.pcap (499828 bytes)
2026-05-12 15:56:05,133 [INFO] ЁЯУК Parsed packets: 500
2026-05-12 15:56:05,134 [INFO] ЁЯУК Flows built: 9
2026-05-12 15:56:05,134 [INFO] ЁЯУК Flows: 9
2026-05-12 15:56:05,135 [INFO] ЁЯза Processed flows: 9
2026-05-12 15:56:05,135 [INFO] ЁЯза Features: 9
2026-05-12 15:56:05,348 [WARNING] ЁЯЪи New alerts saved: 2
2026-05-12 15:56:05,349 [INFO] ЁЯУК Packets: 500 | Flows: 9 | Feature Records: 9 | Alerts: 2 | New Alerts: 2
2026-05-12 15:56:05,350 [INFO] ЁЯУе Capturing 500 packets тЖТ data/raw_packets/capture_20260512_155605_350265.pcap
2026-05-12 15:56:17,821 [INFO] тЬЕ Capture complete: data/raw_packets/capture_20260512_155605_350265.pcap (471032 bytes)
2026-05-12 15:56:18,101 [INFO] ЁЯУК Parsed packets: 498
2026-05-12 15:56:18,102 [INFO] ЁЯУК Flows built: 13
2026-05-12 15:56:18,103 [INFO] ЁЯУК Flows: 13
2026-05-12 15:56:18,104 [INFO] ЁЯза Processed flows: 13
2026-05-12 15:56:18,104 [INFO] ЁЯза Features: 13
2026-05-12 15:56:18,104 [INFO] ЁЯУК Packets: 498 | Flows: 13 | Feature Records: 13 | Alerts: 0 | New Alerts: 0
2026-05-12 15:56:18,105 [INFO] ЁЯУе Capturing 500 packets тЖТ data/raw_packets/capture_20260512_155618_105532.pcap
2026-05-12 15:56:31,882 [INFO] тЬЕ Capture complete: data/raw_packets/capture_20260512_155618_105532.pcap (700004 bytes)
2026-05-12 15:56:32,183 [INFO] ЁЯУК Parsed packets: 500
2026-05-12 15:56:32,184 [INFO] ЁЯУК Flows built: 16
2026-05-12 15:56:32,184 [INFO] ЁЯУК Flows: 16
2026-05-12 15:56:32,185 [INFO] ЁЯза Processed flows: 16
2026-05-12 15:56:32,185 [INFO] ЁЯза Features: 16
2026-05-12 15:56:32,186 [INFO] ЁЯУК Packets: 500 | Flows: 16 | Feature Records: 16 | Alerts: 0 | New Alerts: 0
2026-05-12 15:56:32,186 [INFO] ЁЯУе Capturing 500 packets тЖТ data/raw_packets/capture_20260512_155632_186543.pcap
2026-05-12 15:56:46,242 [INFO] тЬЕ Capture complete: data/raw_packets/capture_20260512_155632_186543.pcap (687056 bytes)
2026-05-12 15:56:46,490 [INFO] ЁЯУК Parsed packets: 498
2026-05-12 15:56:46,491 [INFO] ЁЯУК Flows built: 9
2026-05-12 15:56:46,491 [INFO] ЁЯУК Flows: 9
2026-05-12 15:56:46,492 [INFO] ЁЯза Processed flows: 9
2026-05-12 15:56:46,492 [INFO] ЁЯза Features: 9
2026-05-12 15:56:46,492 [INFO] ЁЯУК Packets: 498 | Flows: 9 | Feature Records: 9 | Alerts: 0 | New Alerts: 0
2026-05-12 15:56:46,493 [INFO] ЁЯУе Capturing 500 packets тЖТ data/raw_packets/capture_20260512_155646_493434.pcap
2026-05-12 15:56:59,923 [INFO] тЬЕ Capture complete: data/raw_packets/capture_20260512_155646_493434.pcap (530424 bytes)
2026-05-12 15:57:00,202 [INFO] ЁЯУК Parsed packets: 500
2026-05-12 15:57:00,203 [INFO] ЁЯУК Flows built: 12
2026-05-12 15:57:00,204 [INFO] ЁЯУК Flows: 12
2026-05-12 15:57:00,205 [INFO] ЁЯза Processed flows: 12
2026-05-12 15:57:00,205 [INFO] ЁЯза Features: 12
2026-05-12 15:57:00,273 [WARNING] ЁЯЪи New alerts saved: 1
2026-05-12 15:57:00,274 [INFO] ЁЯУК Packets: 500 | Flows: 12 | Feature Records: 12 | Alerts: 1 | New Alerts: 1
2026-05-12 15:57:00,275 [INFO] ЁЯУе Capturing 500 packets тЖТ data/raw_packets/capture_20260512_155700_275538.pcap
2026-05-12 15:57:13,665 [INFO] тЬЕ Capture complete: data/raw_packets/capture_20260512_155700_275538.pcap (543112 bytes)
2026-05-12 15:57:13,938 [INFO] ЁЯУК Parsed packets: 498
2026-05-12 15:57:13,939 [INFO] ЁЯУК Flows built: 13
2026-05-12 15:57:13,939 [INFO] ЁЯУК Flows: 13
2026-05-12 15:57:13,940 [INFO] ЁЯза Processed flows: 13
2026-05-12 15:57:13,940 [INFO] ЁЯза Features: 13
2026-05-12 15:57:13,940 [INFO] ЁЯУК Packets: 498 | Flows: 13 | Feature Records: 13 | Alerts: 0 | New Alerts: 0
2026-05-12 15:57:13,941 [INFO] ЁЯУе Capturing 500 packets тЖТ data/raw_packets/capture_20260512_155713_941351.pcap
2026-05-12 15:58:13,417 [INFO] тЬЕ Capture complete: data/raw_packets/capture_20260512_155713_941351.pcap (165176 bytes)
2026-05-12 15:58:13,671 [INFO] ЁЯУК Parsed packets: 494
2026-05-12 15:58:13,673 [INFO] ЁЯУК Flows built: 53
2026-05-12 15:58:13,673 [INFO] ЁЯУК Flows: 53
2026-05-12 15:58:13,675 [INFO] ЁЯза Processed flows: 53
2026-05-12 15:58:13,675 [INFO] ЁЯза Features: 53
2026-05-12 15:58:13,675 [INFO] ЁЯУК Packets: 494 | Flows: 53 | Feature Records: 53 | Alerts: 0 | New Alerts: 0
2026-05-12 15:58:13,676 [INFO] ЁЯУе Capturing 500 packets тЖТ data/raw_packets/capture_20260512_155813_676795.pcap
2026-05-16 19:06:07,568 [INFO] \U0001f680 Starting IDS Capture Pipeline
2026-05-16 19:06:07,602 [ERROR] \u274c tshark not installed!
2026-05-16 19:06:09,294 [INFO] \U0001f680 Starting IDS Capture Pipeline
2026-05-16 19:06:09,309 [ERROR] \u274c tshark not installed!
2026-05-16 19:06:10,919 [INFO] \U0001f680 Starting IDS Capture Pipeline
2026-05-16 19:06:10,939 [ERROR] \u274c tshark not installed!
2026-05-16 19:06:13,072 [INFO] \U0001f680 Starting IDS Capture Pipeline
2026-05-16 19:06:13,081 [ERROR] \u274c tshark not installed!
2026-05-16 19:06:15,168 [INFO] \U0001f680 Starting IDS Capture Pipeline
2026-05-16 19:06:15,176 [ERROR] \u274c tshark not installed!
2026-05-16 19:06:17,061 [INFO] \U0001f680 Starting IDS Capture Pipeline
2026-05-16 19:06:17,070 [ERROR] \u274c tshark not installed!
2026-05-16 19:14:46,167 [INFO] \U0001f680 Starting IDS Capture Pipeline
2026-05-16 19:14:50,783 [INFO] \U0001f50c Using interface: 1
2026-05-16 19:14:50,784 [INFO] \U0001f4e5 Capturing 500 packets \u2192 E:\ai-powered-nids\data\raw_packets\capture_20260516_191450_784389.pcap
2026-05-16 19:16:50,880 [ERROR] \u23f3 tshark timeout Ч killing process
2026-05-16 19:16:50,889 [INFO] \U0001f4e5 Capturing 500 packets \u2192 E:\ai-powered-nids\data\raw_packets\capture_20260516_191650_889227.pcap
2026-05-16 19:18:10,405 [INFO] \U0001f680 Starting IDS Capture Pipeline
2026-05-16 19:18:12,794 [INFO] \U0001f50c Using interface: 1
2026-05-16 19:18:12,794 [INFO] \U0001f4e5 Capturing 500 packets \u2192 E:\ai-powered-nids\data\raw_packets\capture_20260516_191812_794768.pcap
